>>> Time: Wed Dec  1 19:04:58 2021; RT Build: 2101.1776 (linux/apapi); Log-Level: 0; Gateway-PID: 852; Gateway-TID: 139968672298816
    Initialization
    The Web Gateway module '/usr/irissys/csp/bin/CSPa24.so' is loaded (IPv6 Enabled; MAX_CONNECTIONS=1024; MAX_SERVERS=9; MAX_APPLICATIONS=280; MAX_RESPONSE_BUFFER_SIZE=128000; Connection_Allocation=First Free; Nagle_Algorithm=Disabled; SHM=OS; IPC=DS)
>>> Time: Wed Dec  1 19:04:58 2021; RT Build: 2101.1776 (linux/apapi); Log-Level: 0; Gateway-PID: 853; Gateway-TID: 139968672298816
    Initialization: Apache Parent Process
    Global Configuration Block Initialized: PID=853; SHMID=6; SHMType=0;
>>> Time: Wed Dec  1 19:05:04 2021; RT Build: 2101.1776 (linux/apapi:srv=2.4.46/apr=1.7.0/apu=1.6.1/mpm=worker); Log-Level: 0; Gateway-PID: 857; Gateway-TID: 139968554989312
    Initialization
    The GZIP library (/usr/irissys/csp/bin/libz.so) is loaded - Version: 1.2.11 (Gateway built with version 1.2.11).  This library is used for the optional GZIP compression facility.
>>> Time: Wed Dec  1 19:10:42 2021; RT Build: 2101.1776 (linux/apapi); Log-Level: 0; Gateway-PID: 853; Gateway-TID: 139968672298816
    Close Down: Apache Parent Process
    Global Configuration Block Released: PID=853; SHMID=6; SHMType=0;
>>> Time: Wed Dec  1 19:11:00 2021; RT Build: 2101.1776 (linux/apapi); Log-Level: 0; Gateway-PID: 790; Gateway-TID: 140248439527232
    Initialization
    The Web Gateway module '/usr/irissys/csp/bin/CSPa24.so' is loaded (IPv6 Enabled; MAX_CONNECTIONS=1024; MAX_SERVERS=9; MAX_APPLICATIONS=280; MAX_RESPONSE_BUFFER_SIZE=128000; Connection_Allocation=First Free; Nagle_Algorithm=Disabled; SHM=OS; IPC=DS)
>>> Time: Wed Dec  1 19:11:01 2021; RT Build: 2101.1776 (linux/apapi); Log-Level: 0; Gateway-PID: 791; Gateway-TID: 140248439527232
    Initialization: Apache Parent Process
    Global Configuration Block Initialized: PID=791; SHMID=6; SHMType=0;
>>> Time: Wed Dec  1 19:11:15 2021; RT Build: 2101.1776 (linux/apapi:srv=2.4.46/apr=1.7.0/apu=1.6.1/mpm=worker); Log-Level: 0; Gateway-PID: 797; Gateway-TID: 140248396347136
    Initialization
    The GZIP library (/usr/irissys/csp/bin/libz.so) is loaded - Version: 1.2.11 (Gateway built with version 1.2.11).  This library is used for the optional GZIP compression facility.
