10/28/21-01:39:02:161 (13904) 0 [Generic.Event] Allocated 242MB shared memory: 32MB global buffers, 80MB routine buffers
10/28/21-01:39:02:163 (13904) 0 [Crypto.IntelSandyBridgeAESNI] Intel Sandy Bridge AES-NI instructions detected.
10/28/21-01:39:02:167 (13904) 0 [WriteDaemon.UsingWIJFile] Using WIJ file: /usr/irissys/mgr/IRIS.WIJ
10/28/21-01:39:02:167 (13904) 0 [WriteDaemon.CreatingNewWIJ] Creating a new WIJ file
10/28/21-01:39:02:940 (13904) 0 [WriteDaemon.CreatedNewWIJ] New WIJ file created
10/28/21-01:39:02:942 (13904) 0 [Generic.Event] 
Startup of InterSystems IRIS [IRIS for UNIX (Ubuntu Server LTS for x86-64 Containers) 2021.1 (Build 215.3U) Wed Oct 27 2021 17:38:26 EDT]
	in ../bin/
	with mgr: /usr/irissys/mgr
	with wij: /usr/irissys/mgr/IRIS.WIJ
	from: /usr/irissys/mgr/
  OS=[Linux], version=[#161-Ubuntu SMP Mon Aug 27 10:45:01 UTC 2018], release=[4.4.0-135-generic], machine=[x86_64]
  nodename=[1a7952a96648].
  numasyncwijbuf: 8, wdwrite_asyncio_max: 64, wijdirectio: on, synctype: 3
  System Initialized.
10/28/21-01:39:02:952 (13905) 0 [WriteDaemon.Started] Write daemon started.
10/28/21-01:39:03:897 (13923) 0 [Database.MountedRW] Mounted database /usr/irissys/mgr/ (SFN 0) read-write.
10/28/21-01:39:03:914 (13930) 0 [Utility.Event] Starting ^INSTALL procedure
10/28/21-01:39:03:915 (13915) 0 [Database.StartExpansion] Starting Expansion for database /usr/irissys/mgr/. 54 MB requested.
10/28/21-01:39:04:179 (13915) 0 [Database.FullExpansion] Expansion completed for database /usr/irissys/mgr/. Expanded by 54 MB.
10/28/21-01:39:04:287 (13930) 0 [Utility.Event] Switching to temporary %SYS Namespace
10/28/21-01:39:04:290 (13930) 0 [Database.MountedRO] Mounted database /usr/irissys/mgr/irislib/ (SFN 1) read-only. Database label is marked read-only. 
10/28/21-01:39:04:315 (13930) 0 [Utility.Event] Creating missing IRISTEMP database in /usr/irissys/mgr/iristemp
10/28/21-01:39:04:342 (13930) 0 [Database.MountedRW] Mounted database /usr/irissys/mgr/iristemp/ (SFN 2) read-write.
10/28/21-01:39:04:346 (13930) 0 [Utility.Event] Creating IRISLOCALDATA database in /usr/irissys/mgr/irislocaldata/
10/28/21-01:39:04:383 (13930) 0 [Database.MountedRW] Mounted database /usr/irissys/mgr/irislocaldata/ (SFN 3) read-write.
10/28/21-01:39:04:398 (13930) 0 [Utility.Event] Switching to default %SYS Namespace
10/28/21-01:39:04:398 (13930) 0 [Utility.Event] Loading DLLs
10/28/21-01:39:05:210 (13930) 0 [Utility.Event] Loading Locale enuw (English, United States, Unicode) from objects
10/28/21-01:39:07:081 (13930) 0 [Generic.Event] init_gcr_seed:  gen_crypt_rand seeded from /dev/urandom:  64 bytes.
10/28/21-01:39:10:473 (13930) 0 [Database.MountedRW] Mounted database /usr/irissys/mgr/irisaudit/ (SFN 4) read-write.
10/28/21-01:39:10:557 (13930) 0 [Database.MountedRW] Mounted database /usr/irissys/mgr/user/ (SFN 5) read-write.
10/28/21-01:39:12:735 (13930) 0 [Utility.Event] Finishing ^INSTALL procedure
10/28/21-01:39:12:746 (13931) 0 [Utility.Event] Shutting down InterSystems IRIS
10/28/21-01:39:12:762 (13931) 0 [Utility.Event] Notifying Clients
10/28/21-01:39:12:762 (13931) 0 [Utility.Event] No user shutdown routines to execute
10/28/21-01:39:12:762 (13931) 0 [Utility.Event] Stopping User Jobs
10/28/21-01:39:12:773 (13931) 0 [Utility.Event] Stopping Network Servers
10/28/21-01:39:12:776 (13931) 0 [Utility.Event] Withdrawing from License Domain
10/28/21-01:39:12:776 (13931) 0 [Utility.Event] Waiting for users to stop
10/28/21-01:39:12:777 (13931) 0 [Utility.Event] Stopping Client Networking
10/28/21-01:39:12:777 (13931) 0 [Utility.Event] Removing database locks
10/28/21-01:39:12:778 (13931) 0 [Utility.Event] Updating Journal File
10/28/21-01:39:12:779 (13931) 0 [Utility.Event] Journal restore not required at next startup
10/28/21-01:39:12:779 (13931) 0 [Utility.Event] Transaction rollback not required at next startup
10/28/21-01:39:14:780 (13931) 0 [Utility.Event] Waiting for database updates to complete
10/28/21-01:39:14:780 (13931) 0 [Utility.Event] Database updates complete
10/28/21-01:39:14:780 (13931) 0 [Utility.Event] Stopping System Jobs
10/28/21-01:39:14:880 (13915) 0 [Generic.Event] EXPDMN exited due to system shutdown
10/28/21-01:39:14:881 (13907) 0 [Generic.Event] JRNDMN exited due to system shutdown
10/28/21-01:39:14:882 (13906) 0 [Generic.Event] GARCOL exited due to system shutdown
10/28/21-01:39:14:983 (13908) 0 [Generic.Event] AUXWD #1 exited due to system shutdown
10/28/21-01:39:14:983 (13909) 0 [Generic.Event] AUXWD #2 exited due to system shutdown
10/28/21-01:39:14:983 (13910) 0 [Generic.Event] AUXWD #3 exited due to system shutdown
10/28/21-01:39:14:983 (13911) 0 [Generic.Event] AUXWD #4 exited due to system shutdown
10/28/21-01:39:14:984 (13912) 0 [Generic.Event] AUXWD #5 exited due to system shutdown
10/28/21-01:39:14:984 (13913) 0 [Generic.Event] AUXWD #6 exited due to system shutdown
10/28/21-01:39:14:984 (13914) 0 [Generic.Event] AUXWD #7 exited due to system shutdown
10/28/21-01:39:15:489 (13905) 0 [Generic.Event] No blocks pending in WIJ file
10/28/21-01:39:15:490 (13905) 0 [Generic.Event] WRTDMN exited due to system shutdown
10/28/21-01:39:15:585 (13904) 0 [Generic.Event] CONTROL exited due to system shutdown
10/28/21-01:39:16:589 (13931) 0 [Utility.Event] Shutdown complete



*** Recovery started at Thu Oct 28 01:39:21 2021
     Current default directory: /usr/irissys/mgr
     Log file directory: /usr/irissys/mgr/
     WIJ file spec: /usr/irissys/mgr/IRIS.WIJ
Recovering local (/usr/irissys/mgr/IRIS.WIJ) image journal file...
Starting WIJ recovery for '/usr/irissys/mgr/IRIS.WIJ'.
  0 blocks pending in this WIJ.
Exiting with status 3 (Success)
10/28/21-01:39:21:829 (14340) 0 [Generic.Event] Global buffer setting requires attention.  Auto-selected 25% of total memory.
10/28/21-01:39:21:904 (14340) 0 [Generic.Event] Allocated 4787MB shared memory: 4011MB global buffers, 401MB routine buffers
10/28/21-01:39:21:906 (14340) 0 [Crypto.IntelSandyBridgeAESNI] Intel Sandy Bridge AES-NI instructions detected.
10/28/21-01:39:22:084 (14340) 0 [WriteDaemon.UsingWIJFile] Using WIJ file: /usr/irissys/mgr/IRIS.WIJ
10/28/21-01:39:22:085 (14340) 0 [Generic.Event] No journaling info from prior system
10/28/21-01:39:22:089 (14340) 0 [WriteDaemon.CreatingNewWIJ] Creating a new WIJ file
10/28/21-01:39:22:373 (14340) 0 [WriteDaemon.CreatedNewWIJ] New WIJ file created
10/28/21-01:39:22:376 (14340) 0 [Generic.Event] 
Startup of InterSystems IRIS [IRIS for UNIX (Ubuntu Server LTS for x86-64 Containers) 2021.1 (Build 215.3U) Wed Oct 27 2021 17:38:26 EDT]
	in /usr/irissys/bin/
	with mgr: /usr/irissys/mgr
	with wij: /usr/irissys/mgr/IRIS.WIJ
	from: /usr/irissys/mgr/
  OS=[Linux], version=[#161-Ubuntu SMP Mon Aug 27 10:45:01 UTC 2018], release=[4.4.0-135-generic], machine=[x86_64]
  nodename=[1a7952a96648].
  numasyncwijbuf: 8, wdwrite_asyncio_max: 64, wijdirectio: on, synctype: 3
  System Initialized.
10/28/21-01:39:22:385 (14341) 0 [WriteDaemon.Started] Write daemon started.
10/28/21-01:39:22:386 (14352) 0 [Database.MountedRW] Mounted database /usr/irissys/mgr/ (SFN 0) read-write.
10/28/21-01:39:22:406 (14352) 0 [Utility.Event] Instance 'IRIS' starting on node 1a7952a96648 by user irisuser
10/28/21-01:39:22:406 (14352) 0 [Utility.Event] Using parameters from file '/usr/irissys/iris.cpf'
10/28/21-01:39:22:408 (14352) 0 [Utility.Event] Loading DLLs
10/28/21-01:39:22:410 (14352) 0 [Database.MountedRO] Mounted database /usr/irissys/mgr/irislib/ (SFN 1) read-only. Database label is marked read-only. 
10/28/21-01:39:22:413 (14352) 0 [Utility.Event] Switching to temporary %SYS Namespace
10/28/21-01:39:22:416 (14352) 0 [Utility.Event] Loading Locale enuw (English, United States, Unicode) from objects
10/28/21-01:39:22:510 (14352) 0 [Database.MountedRW] Mounted database /usr/irissys/mgr/iristemp/ (SFN 2) read-write.
10/28/21-01:39:22:520 (14352) 0 [Utility.Event] /usr/irissys/mgr/iristemp/ initialized as IRISTEMP
10/28/21-01:39:22:521 (14352) 0 [Database.MountedRW] Mounted database /usr/irissys/mgr/irislocaldata/ (SFN 3) read-write.
10/28/21-01:39:22:523 (14352) 0 [Utility.Event] Switching to default %SYS Namespace
10/28/21-01:39:22:632 (14352) 0 [Generic.Event] init_gcr_seed:  gen_crypt_rand seeded from /dev/urandom:  64 bytes.
10/28/21-01:39:22:788 (14353) 0 [Utility.Event] Log Monitor Started
10/28/21-01:39:22:899 (14354) 0 [Utility.Event] Clean Daemon Started
10/28/21-01:39:23:151 (14352) 0 [Utility.Event] Updating configuration information from /usr/irissys/iris.cpf
10/28/21-01:39:23:200 (14352) 0 [Utility.Event] Performing Journal Recovery
10/28/21-01:39:23:203 (14352) 0 [Utility.Event] Graceful system shutdown, journal restore not required
10/28/21-01:39:23:203 (14352) 0 [Utility.Event] Graceful system shutdown, transaction rollback not required
10/28/21-01:39:23:232 (14352) 0 [Utility.Event] START: /usr/irissys/mgr/journal/20211028.001
10/28/21-01:39:23:244 (14352) 0 [Generic.Event] INTERSYSTEMS IRIS JOURNALING SYSTEM MESSAGE
Journaling started to: /usr/irissys/mgr/journal/20211028.001
10/28/21-01:39:23:245 (14352) 0 [Utility.Event] Journaling to /usr/irissys/mgr/journal/20211028.001 started.
10/28/21-01:39:23:245 (14352) 0 [Utility.Event] Processing Startup section
10/28/21-01:39:23:249 (14355) 0 [Utility.Event] Purging old application errors
10/28/21-01:39:23:249 (14352) 0 [Utility.Event] Created temp directory /usr/irissys/mgr/Temp
10/28/21-01:39:23:368 (14352) 0 [Utility.Event] Initializing Security system
10/28/21-01:39:23:448 (14352) 0 [Utility.Event] Processing Network section
10/28/21-01:39:23:449 (14352) 0 [Utility.Event] Activating Network
10/28/21-01:39:23:459 (14352) 0 [Utility.Event] Processing Databases section
10/28/21-01:39:23:462 (14352) 0 [Database.MountedRW] Mounted database /usr/irissys/mgr/irisaudit/ (SFN 4) read-write.
10/28/21-01:39:23:464 (14352) 0 [Utility.Event] Processing Namespaces section
10/28/21-01:39:23:464 (14352) 0 [Utility.Event] Loading all namespaces
10/28/21-01:39:23:484 (14352) 0 [Utility.Event] Activating namespaces
10/28/21-01:39:23:485 (14352) 0 [Utility.Event] Activating new namespace map
10/28/21-01:39:23:490 (14352) 0 [Utility.Event] Namespace changes have been activated
10/28/21-01:39:23:504 (14352) 0 [Utility.Event] Starting Super Server on port 1972
10/28/21-01:39:23:509 (14352) 0 [Utility.Event] Network Lock Upload Phase Starting
10/28/21-01:39:23:509 (14352) 0 [Utility.Event] Lock Upload Phase Complete
10/28/21-01:39:23:509 (14352) 0 [Utility.Event] Processing Miscellaneous section
10/28/21-01:39:23:529 (14360) 0 [Utility.Event] LMF Info:  Licensed for 5 users.
10/28/21-01:39:23:532 (14352) 0 [Utility.Event] Processing Devices section
10/28/21-01:39:23:533 (14352) 0 [Utility.Event] Processing DeviceSubTypes section
10/28/21-01:39:23:533 (14352) 0 [Utility.Event] Processing MagTape section
10/28/21-01:39:23:532 (14361) 0 [Utility.Event] Starting Servers
10/28/21-01:39:23:535 (14352) 0 [Utility.Event] Processing IO section
10/28/21-01:39:23:535 (14352) 0 [Utility.Event] Processing SQL section
10/28/21-01:39:23:539 (14352) 0 [Database.MountedRW] Mounted database /usr/irissys/mgr/user/ (SFN 5) read-write.
10/28/21-01:39:23:551 (14352) 0 [Generic.Event] Auditing to /usr/irissys/mgr/irisaudit/
10/28/21-01:39:23:575 (14352) 0 [Utility.Event] Interoperability: Installing IRIS
10/28/21-01:39:23:609 (14352) 0 [Database.MountedRO] Mounted database /usr/irissys/mgr/enslib/ (SFN 6) read-only. Database label is marked read-only. 
10/28/21-01:39:23:669 (14361) 0 [Utility.Event] Private webserver started on 52773
10/28/21-01:39:23:669 (14361) 0 [Utility.Event] Processing Shadows section (this system as shadow)
10/28/21-01:39:23:674 (14361) 0 [Utility.Event] Processing Monitor section
10/28/21-01:39:23:721 (14512) 0 [Utility.Event] [SYSTEM MONITOR] System Monitor started in %SYS
10/28/21-01:39:23:724 (14361) 0 [Utility.Event] Shard license: 0
10/28/21-01:39:23:932 (14351) 0 [Database.SparseDBExpansion] Expanding capacity of sparse database /usr/irissys/mgr/iristemp/ by 10 MB.
10/28/21-01:39:26:611 (14352) 0 [Generic.Event] Switched database /usr/irissys/mgr/enslib/ (SFN 6) to read-write.
10/28/21-01:39:26:848 (14352) 0 [Utility.Event] Enabling namespace 'USER' for Interoperability
10/28/21-01:39:27:086 (14352) 0 [Utility.Event] Activating USER namespace map
10/28/21-01:39:27:091 (14352) 0 [Utility.Event] Namespace USER changes have been activated
10/28/21-01:39:27:820 (14515) 0 [Utility.Event] WorkQueue: Starting work queue daemon parent=14352
10/28/21-01:39:27:822 (14351) 0 [Database.StartExpansion] Starting Expansion for database /usr/irissys/mgr/irislocaldata/. 10 MB requested.
10/28/21-01:39:27:897 (14351) 0 [Database.FullExpansion] Expansion completed for database /usr/irissys/mgr/irislocaldata/. Expanded by 10 MB.
10/28/21-01:39:28:157 (14352) 0 [Utility.Event] Activating USER namespace map
10/28/21-01:39:28:160 (14352) 0 [Utility.Event] Namespace USER changes have been activated
10/28/21-01:39:28:160 (14352) 0 [Utility.Event] Enabling namespace 'USER' for Interoperability
10/28/21-01:39:28:331 (14352) 0 [Utility.Event] Activating USER namespace map
10/28/21-01:39:28:335 (14352) 0 [Utility.Event] Namespace USER changes have been activated
10/28/21-01:39:29:352 (14352) 0 [Generic.Event] Switched database /usr/irissys/mgr/irislib/ (SFN 1) to read-write.
10/28/21-01:39:29:679 (14351) 0 [Database.StartExpansion] Starting Expansion for database /usr/irissys/mgr/enslib/. 18 MB requested.
10/28/21-01:39:29:791 (14351) 0 [Database.FullExpansion] Expansion completed for database /usr/irissys/mgr/enslib/. Expanded by 18 MB.
10/28/21-01:39:32:849 (14352) 0 [Generic.Event] Switched database /usr/irissys/mgr/irislib/ (SFN 1) to read-only.
10/28/21-01:39:32:849 (14352) 0 [Generic.Event] Switched database /usr/irissys/mgr/enslib/ (SFN 6) to read-only.
10/28/21-01:39:32:849 (14352) 0 [Utility.Event] Executing ^ZSTU routine
10/28/21-01:39:32:851 (14352) 0 [Utility.Event] Executing ^%ZSTART routine
10/28/21-01:39:32:851 (14352) 0 [Utility.Event] Enabling logons
10/28/21-01:39:32:851 (14352) 0 [Utility.Event] Rebuilding Extent index for all namespaces
10/28/21-01:39:32:851 (14352) 0 [Utility.Event] Rebuilding Extent index for namespace %SYS
10/28/21-01:39:36:767 (14352) 0 [Utility.Event] Rebuilding Extent index for namespace USER
10/28/21-01:39:38:362 (14351) 0 [Database.StartExpansion] Starting Expansion for database /usr/irissys/mgr/user/. 10 MB requested.
10/28/21-01:39:38:380 (14352) 0 [Utility.Event] Rebuild of Extent index completed
10/28/21-01:39:38:446 (14352) 0 [Utility.Event] Initializing Interoperability during system startup
10/28/21-01:39:38:450 (14351) 0 [Database.FullExpansion] Expansion completed for database /usr/irissys/mgr/user/. Expanded by 10 MB.
10/28/21-01:39:38:715 (14511) 0 [Utility.Event] Starting TASKMGR
10/28/21-01:39:38:783 (14536) 0 [Utility.Event] Shutting down InterSystems IRIS
10/28/21-01:39:38:805 (14536) 0 [Utility.Event] Notifying Clients
10/28/21-01:39:38:807 (14536) 0 [Utility.Event] No user shutdown routines to execute
10/28/21-01:39:38:812 (14536) 0 [Utility.Event] Stopping User Jobs
10/28/21-01:39:38:826 (14536) 0 [Utility.Event] Stopping Network Servers
10/28/21-01:39:38:829 (14536) 0 [Utility.Event] Withdrawing from License Domain
10/28/21-01:39:38:829 (14536) 0 [Utility.Event] Waiting for users to stop
10/28/21-01:39:40:829 (14536) 0 [Utility.Event] 0 user processes remain
10/28/21-01:39:42:830 (14536) 0 [Generic.Event] Auditing stopped
10/28/21-01:39:42:830 (14536) 0 [Utility.Event] Stopping Client Networking
10/28/21-01:39:42:830 (14536) 0 [Utility.Event] Removing database locks
10/28/21-01:39:42:831 (14536) 0 [Utility.Event] Updating Journal File
10/28/21-01:39:43:033 (14536) 0 [Utility.Event] Journal restore not required at next startup
10/28/21-01:39:43:033 (14536) 0 [Utility.Event] Transaction rollback not required at next startup
10/28/21-01:39:44:235 (14536) 0 [Utility.Event] Waiting for database updates to complete
10/28/21-01:39:44:236 (14536) 0 [Utility.Event] Database updates complete
10/28/21-01:39:44:236 (14536) 0 [Utility.Event] Stopping System Jobs
10/28/21-01:39:44:338 (14351) 0 [Generic.Event] EXPDMN exited due to system shutdown
10/28/21-01:39:44:339 (14343) 0 [Generic.Event] JRNDMN exited due to system shutdown
10/28/21-01:39:44:340 (14342) 0 [Generic.Event] GARCOL exited due to system shutdown
10/28/21-01:39:44:440 (14344) 0 [Generic.Event] AUXWD #1 exited due to system shutdown
10/28/21-01:39:44:441 (14350) 0 [Generic.Event] AUXWD #2 exited due to system shutdown
10/28/21-01:39:44:442 (14345) 0 [Generic.Event] AUXWD #3 exited due to system shutdown
10/28/21-01:39:44:443 (14346) 0 [Generic.Event] AUXWD #4 exited due to system shutdown
10/28/21-01:39:44:443 (14347) 0 [Generic.Event] AUXWD #5 exited due to system shutdown
10/28/21-01:39:44:443 (14348) 0 [Generic.Event] AUXWD #6 exited due to system shutdown
10/28/21-01:39:44:444 (14349) 0 [Generic.Event] AUXWD #7 exited due to system shutdown
10/28/21-01:39:44:948 (14341) 0 [Generic.Event] No blocks pending in WIJ file
10/28/21-01:39:44:948 (14341) 0 [Generic.Event] WRTDMN exited due to system shutdown
10/28/21-01:39:45:045 (14340) 0 [Generic.Event] CONTROL exited due to system shutdown
10/28/21-01:39:47:054 (14536) 0 [Utility.Event] Shutdown complete



*** Recovery started at Thu Oct 28 01:39:47 2021
     Current default directory: /usr/irissys/mgr
     Log file directory: /usr/irissys/mgr/
     WIJ file spec: /usr/irissys/mgr/IRIS.WIJ
Recovering local (/usr/irissys/mgr/IRIS.WIJ) image journal file...
Starting WIJ recovery for '/usr/irissys/mgr/IRIS.WIJ'.
  0 blocks pending in this WIJ.
Exiting with status 3 (Success)
10/28/21-01:39:47:296 (14979) 0 [Generic.Event] Global buffer setting requires attention.  Auto-selected 25% of total memory.
10/28/21-01:39:47:366 (14979) 0 [Generic.Event] Allocated 4787MB shared memory: 4011MB global buffers, 401MB routine buffers
10/28/21-01:39:47:368 (14979) 0 [Crypto.IntelSandyBridgeAESNI] Intel Sandy Bridge AES-NI instructions detected.
10/28/21-01:39:47:543 (14979) 0 [WriteDaemon.UsingWIJFile] Using WIJ file: /usr/irissys/mgr/IRIS.WIJ
10/28/21-01:39:47:544 (14979) 0 [Generic.Event] Jrn info from prior WIJ (imflags: 0):
	wdpass: 0
	jrnwdpass: 14
	fspec: /usr/irissys/mgr/journal/20211028.001
	filecnt: 1
	fileoff: 0
	prevfcnt: 1
	prevfileoeff: 0
	min trans cnt: 1
	min trans index: 4650396
10/28/21-01:39:47:547 (14979) 0 [Generic.Event] InterSystems IRIS is started with NOSTU option.
10/28/21-01:39:47:549 (14979) 0 [Generic.Event] 
Startup of InterSystems IRIS [IRIS for UNIX (Ubuntu Server LTS for x86-64 Containers) 2021.1 (Build 215.3U) Wed Oct 27 2021 17:38:26 EDT]
	in /usr/irissys/bin/
	with mgr: /usr/irissys/mgr
	with wij: /usr/irissys/mgr/IRIS.WIJ
	from: /usr/irissys/mgr/
  OS=[Linux], version=[#161-Ubuntu SMP Mon Aug 27 10:45:01 UTC 2018], release=[4.4.0-135-generic], machine=[x86_64]
  nodename=[1a7952a96648].
  numasyncwijbuf: 8, wdwrite_asyncio_max: 64, wijdirectio: on, synctype: 3
  System Initialized.
10/28/21-01:39:47:557 (14980) 0 [WriteDaemon.Started] Write daemon started.
10/28/21-01:39:47:589 (15011) 0 [Database.MountedRW] Mounted database /usr/irissys/mgr/ (SFN 0) read-write.
10/28/21-01:39:47:613 (15011) 0 [Database.MountedRO] Mounted database /usr/irissys/mgr/irislib/ (SFN 1) read-only. Database label is marked read-only. 
10/28/21-01:39:47:750 (15011) 0 [Database.MountedRW] Mounted database /usr/irissys/mgr/irislocaldata/ (SFN 2) read-write.
10/28/21-01:39:47:775 (15017) 0 [Utility.Event] Shutting down InterSystems IRIS
10/28/21-01:39:47:999 (15017) 0 [Utility.Event] Notifying Clients
10/28/21-01:39:48:000 (15017) 0 [Utility.Event] No user shutdown routines to execute
10/28/21-01:39:48:011 (15017) 0 [Utility.Event] Stopping User Jobs
10/28/21-01:39:48:025 (15017) 0 [Utility.Event] Stopping Network Servers
10/28/21-01:39:48:032 (15017) 0 [Utility.Event] Withdrawing from License Domain
10/28/21-01:39:48:036 (15017) 0 [Utility.Event] Waiting for users to stop
10/28/21-01:39:48:037 (15017) 0 [Utility.Event] Stopping Client Networking
10/28/21-01:39:48:037 (15017) 0 [Utility.Event] Removing database locks
10/28/21-01:39:48:038 (15017) 0 [Utility.Event] Updating Journal File
10/28/21-01:39:48:038 (15017) 0 [Utility.Event] Skip jrnwait as WIJ update is disabled
10/28/21-01:39:49:039 (15017) 0 [Utility.Event] Waiting for database updates to complete
10/28/21-01:39:49:039 (15017) 0 [Utility.Event] Database updates complete
10/28/21-01:39:49:039 (15017) 0 [Utility.Event] Stopping System Jobs
10/28/21-01:39:49:139 (14990) 0 [Generic.Event] EXPDMN exited due to system shutdown
10/28/21-01:39:49:140 (14982) 0 [Generic.Event] JRNDMN exited due to system shutdown
10/28/21-01:39:49:141 (14981) 0 [Generic.Event] GARCOL exited due to system shutdown
10/28/21-01:39:49:241 (14986) 0 [Generic.Event] AUXWD #1 exited due to system shutdown
10/28/21-01:39:49:241 (14987) 0 [Generic.Event] AUXWD #2 exited due to system shutdown
10/28/21-01:39:49:242 (14988) 0 [Generic.Event] AUXWD #3 exited due to system shutdown
10/28/21-01:39:49:242 (14985) 0 [Generic.Event] AUXWD #4 exited due to system shutdown
10/28/21-01:39:49:243 (14989) 0 [Generic.Event] AUXWD #5 exited due to system shutdown
10/28/21-01:39:49:243 (14984) 0 [Generic.Event] AUXWD #6 exited due to system shutdown
10/28/21-01:39:49:243 (14983) 0 [Generic.Event] AUXWD #7 exited due to system shutdown
10/28/21-01:39:49:747 (14980) 0 [Generic.Event] No blocks pending in WIJ file
10/28/21-01:39:49:747 (14980) 0 [Generic.Event] WRTDMN exited due to system shutdown
10/28/21-01:39:49:844 (14979) 0 [Generic.Event] CONTROL exited due to system shutdown
10/28/21-01:39:50:944 (15017) 0 [Utility.Event] Shutdown complete
12/01/21-19:04:46:283 (391) 0 [Utility.Event] Executing /usr/irissys/bin/iris qlist
12/01/21-19:04:46:294 (391) 0 [Utility.Event] Moving data directory of instance IRIS to /durable/
12/01/21-19:04:46:294 (391) 0 [Utility.Event] ISC_DATA_DIRECTORY=/durable/
12/01/21-19:04:46:295 (391) 1 [Utility.Event] Warning: Directory /durable/ already exists
12/01/21-19:04:46:299 (391) 0 [Utility.Event] Creating directory /durable/
12/01/21-19:04:46:299 (391) 0 [Utility.Event] Executing chown irisowner:irisuser /durable/
12/01/21-19:04:46:315 (391) 0 [Utility.Event] Creating directory /durable/mgr/
12/01/21-19:04:46:317 (391) 0 [Utility.Event] Executing chown irisowner:irisuser /durable/mgr/
12/01/21-19:04:46:320 (391) 0 [Utility.Event] Executing cp -fp /usr/irissys/mgr/messages.log /durable/mgr/messages.log
12/01/21-19:04:46:327 (391) 0 [Utility.Event] Executing cp -fp /usr/irissys/mgr/.product /durable/mgr/.product
12/01/21-19:04:46:332 (391) 0 [Utility.Event] Executing cp -fp /usr/irissys/mgr/IRIS.DAT /durable/mgr/IRIS.DAT
12/01/21-19:04:46:685 (391) 0 [Utility.Event] Executing cp -fp /usr/irissys/mgr/ilock /durable/mgr/ilock
12/01/21-19:04:46:691 (391) 0 [Utility.Event] Executing cp -fp /usr/irissys/mgr/irisodbc.ini /durable/mgr/irisodbc.ini
12/01/21-19:04:46:705 (391) 0 [Utility.Event] Executing cp -Rpf /usr/irissys/mgr/irisaudit/* /durable/mgr/irisaudit/
12/01/21-19:04:46:728 (391) 0 [Utility.Event] Executing cp -Rpf /usr/irissys/mgr/irislocaldata/* /durable/mgr/irislocaldata/
12/01/21-19:04:46:813 (391) 0 [Utility.Event] Executing cp -Rpf /usr/irissys/mgr/user/* /durable/mgr/user/
12/01/21-19:04:46:897 (391) 0 [Utility.Event] Creating directory /durable/mgr/journal/
12/01/21-19:04:46:901 (391) 0 [Utility.Event] Executing chown irisowner:irisuser /durable/mgr/journal/
12/01/21-19:04:46:905 (391) 0 [Utility.Event] Executing cp -fp /usr/irissys/iris.cpf /durable/iris.cpf
12/01/21-19:04:46:911 (391) 0 [Utility.Event] Creating directory /durable/httpd/
12/01/21-19:04:46:913 (391) 0 [Utility.Event] Executing chown irisowner:irisuser /durable/httpd/
12/01/21-19:04:46:919 (391) 0 [Utility.Event] Creating directory /durable/httpd/logs/
12/01/21-19:04:46:923 (391) 0 [Utility.Event] Executing chown irisowner:irisuser /durable/httpd/logs/
12/01/21-19:04:46:929 (391) 0 [Utility.Event] Creating directory /durable/httpd/conf/
12/01/21-19:04:46:932 (391) 0 [Utility.Event] Executing chown irisowner:irisuser /durable/httpd/conf/
12/01/21-19:04:46:938 (391) 0 [Utility.Event] Executing cp -fp /usr/irissys/httpd/conf/httpd.conf /durable/httpd/conf/httpd.conf
12/01/21-19:04:46:949 (391) 0 [Utility.Event] Creating directory /durable/csp/
12/01/21-19:04:46:951 (391) 0 [Utility.Event] Executing chown irisowner:irisuser /durable/csp/
12/01/21-19:04:46:958 (391) 0 [Utility.Event] Creating directory /durable/csp/temp/
12/01/21-19:04:46:962 (391) 0 [Utility.Event] Executing chown irisowner:irisuser /durable/csp/temp/
12/01/21-19:04:46:969 (391) 0 [Utility.Event] Creating directory /durable/csp/bin/
12/01/21-19:04:46:973 (391) 0 [Utility.Event] Executing chown irisowner:irisuser /durable/csp/bin/
12/01/21-19:04:46:979 (391) 0 [Utility.Event] Executing cp -fp /usr/irissys/csp/bin/CSP.ini /durable/csp/bin/CSP.ini
12/01/21-19:04:46:989 (391) 0 [Utility.Event] Executing cp -fp /usr/irissys/csp/bin/CSPRT.ini /durable/csp/bin/CSPRT.ini
12/01/21-19:04:47:013 (391) 0 [Utility.Event] Creating directory /durable/dist/
12/01/21-19:04:47:016 (391) 0 [Utility.Event] Executing chown root:root /durable/dist/
12/01/21-19:04:47:021 (391) 0 [Utility.Event] Creating directory /durable/dist/install/
12/01/21-19:04:47:026 (391) 0 [Utility.Event] Executing chown root:root /durable/dist/install/
12/01/21-19:04:47:032 (391) 0 [Utility.Event] Creating directory /durable/dist/install/misc/
12/01/21-19:04:47:038 (391) 0 [Utility.Event] Executing chown irisowner:irisuser /durable/dist/install/misc/
12/01/21-19:04:47:045 (391) 0 [Utility.Event] Executing cp -fp /usr/irissys/dist/install/misc/buildver /durable/dist/install/misc/buildver
12/01/21-19:04:47:051 (391) 0 [Utility.Event] File copy complete
12/01/21-19:04:47:052 (391) 0 [Utility.Event] Updating configuration files
12/01/21-19:04:47:291 (391) 0 [Utility.Event] Creating directory /durable/ContainerCheck/
12/01/21-19:04:47:293 (391) 0 [Utility.Event] Executing chown irisowner:irisuser /durable/ContainerCheck/
12/01/21-19:04:47:297 (391) 0 [Utility.Event] Executing cp -fp /usr/irissys/dev/Container/ContainerCheck.sh /durable/ContainerCheck/ContainerCheck.sh
12/01/21-19:04:47:302 (391) 0 [Utility.Event] Executing /usr/irissys/bin/iris update IRIS datadir=/durable/
12/01/21-19:04:47:480 (391) 0 [Utility.Event] Executing cp -fp /usr/irissys/bin/irismgr /usr/irissys/bin/irisinstall
12/01/21-19:04:47:482 (391) 0 [Utility.Event] Executing cp -fp /usr/irissys/bin/irisuxsusr /usr/irissys/bin/irisuxsinst
12/01/21-19:04:47:486 (391) 0 [Utility.Event] Executing /usr/irissys/bin/irisinstall -s/durable/mgr/ -cc -g20 -W1 -B -C/durable/iris.cpf*INSTALL
12/01/21-19:04:47:539 (440) 0 [Generic.Event] Allocated 246MB shared memory: 32MB global buffers, 80MB routine buffers
12/01/21-19:04:47:542 (440) 0 [Crypto.IntelSandyBridgeAESNI] Intel Sandy Bridge AES-NI instructions detected.
12/01/21-19:04:47:547 (440) 0 [WriteDaemon.UsingWIJFile] Using WIJ file: /durable/mgr/IRIS.WIJ
12/01/21-19:04:47:548 (440) 0 [WriteDaemon.CreatingNewWIJ] Creating a new WIJ file
12/01/21-19:04:48:267 (440) 0 [WriteDaemon.CreatedNewWIJ] New WIJ file created
12/01/21-19:04:48:274 (440) 0 [Generic.Event] 
Startup of InterSystems IRIS [IRIS for UNIX (Ubuntu Server LTS for x86-64 Containers) 2021.1 (Build 215.3U) Wed Oct 27 2021 17:38:26 EDT]
	in /usr/irissys/bin/
	with mgr: /durable/mgr
	with wij: /durable/mgr/IRIS.WIJ
	from: /durable/mgr/
  OS=[Linux], version=[#1 SMP Wed Aug 25 23:20:18 UTC 2021], release=[5.10.60.1-microsoft-standard-WSL2], machine=[x86_64]
  nodename=[37c39f2fa154].
  numasyncwijbuf: 8, wdwrite_asyncio_max: 64, wijdirectio: on, synctype: 3
  System Initialized.
12/01/21-19:04:48:276 (441) 0 [WriteDaemon.Started] Write daemon started.
12/01/21-19:04:48:279 (391) 0 [Utility.Event] Executing /usr/irissys/bin/irisuxsinst -s/durable/mgr/ -B -V
12/01/21-19:04:48:290 (452) 0 [Database.MountedRW] Mounted database /durable/mgr/ (SFN 0) read-write.
12/01/21-19:04:48:305 (452) 0 [Database.MountedRO] Mounted database /usr/irissys/mgr/irislib/ (SFN 1) read-only. Database label is marked read-only. 
12/01/21-19:04:48:687 (391) 0 [Utility.Event] Executing rm -f /durable/mgr/install.in
12/01/21-19:04:48:690 (391) 0 [Utility.Event] Executing /usr/irissys/bin/irisuxsinst -s/durable/mgr/ -B -V INT^SHUTDOWN
12/01/21-19:04:48:702 (454) 0 [Utility.Event] Shutting down InterSystems IRIS
12/01/21-19:04:48:722 (454) 0 [Database.MountedRW] Mounted database /durable/mgr/irislocaldata/ (SFN 2) read-write.
12/01/21-19:04:48:730 (454) 0 [Utility.Event] Notifying Clients
12/01/21-19:04:48:731 (454) 0 [Utility.Event] No user shutdown routines to execute
12/01/21-19:04:48:733 (454) 0 [Utility.Event] Stopping User Jobs
12/01/21-19:04:48:738 (454) 0 [Utility.Event] Stopping Network Servers
12/01/21-19:04:48:743 (454) 0 [Utility.Event] Withdrawing from License Domain
12/01/21-19:04:48:744 (454) 0 [Utility.Event] Waiting for users to stop
12/01/21-19:04:48:745 (454) 0 [Utility.Event] Stopping Client Networking
12/01/21-19:04:48:746 (454) 0 [Utility.Event] Removing database locks
12/01/21-19:04:48:750 (454) 0 [Utility.Event] Updating Journal File
12/01/21-19:04:48:751 (454) 0 [Utility.Event] Skip jrnwait as WIJ update is disabled
12/01/21-19:04:49:752 (454) 0 [Utility.Event] Waiting for database updates to complete
12/01/21-19:04:49:754 (454) 0 [Utility.Event] Database updates complete
12/01/21-19:04:49:755 (454) 0 [Utility.Event] Stopping System Jobs
12/01/21-19:04:49:858 (451) 0 [Generic.Event] EXPDMN exited due to system shutdown
12/01/21-19:04:49:859 (443) 0 [Generic.Event] JRNDMN exited due to system shutdown
12/01/21-19:04:49:859 (442) 0 [Generic.Event] GARCOL exited due to system shutdown
12/01/21-19:04:49:960 (448) 0 [Generic.Event] AUXWD #4 exited due to system shutdown
12/01/21-19:04:49:960 (447) 0 [Generic.Event] AUXWD #3 exited due to system shutdown
12/01/21-19:04:49:960 (445) 0 [Generic.Event] AUXWD #2 exited due to system shutdown
12/01/21-19:04:49:960 (444) 0 [Generic.Event] AUXWD #1 exited due to system shutdown
12/01/21-19:04:49:960 (450) 0 [Generic.Event] AUXWD #5 exited due to system shutdown
12/01/21-19:04:49:961 (449) 0 [Generic.Event] AUXWD #6 exited due to system shutdown
12/01/21-19:04:49:961 (446) 0 [Generic.Event] AUXWD #7 exited due to system shutdown
12/01/21-19:04:50:466 (441) 0 [Generic.Event] No blocks pending in WIJ file
12/01/21-19:04:50:474 (441) 0 [Generic.Event] WRTDMN exited due to system shutdown
12/01/21-19:04:50:566 (440) 0 [Generic.Event] CONTROL exited due to system shutdown
12/01/21-19:04:51:663 (454) 0 [Utility.Event] Shutdown complete
12/01/21-19:04:51:692 (391) 0 [Utility.Event] Executing rm -f /usr/irissys/bin/irisinstall
12/01/21-19:04:51:695 (391) 0 [Utility.Event] Executing rm -f /usr/irissys/bin/irisuxsint
12/01/21-19:04:51:697 (391) 0 [Utility.Event] Executing rm -f /durable/CloneIncomplete
12/01/21-19:04:51:699 (391) 0 [Utility.Event] Instance IRIS data directory moved to /durable/
12/01/21-19:04:51:700 (391) 0 [Utility.Event] Executing find /usr/irissys/ -type d -exec chmod ugo-w {} +
12/01/21-19:04:51:728 (391) 0 [Utility.Event] Executing chmod ugo-w /usr/irissys/



*** Recovery started at Wed Dec  1 19:04:52 2021
     Current default directory: /durable/mgr
     Log file directory: /durable/mgr/
     WIJ file spec: /durable/mgr/IRIS.WIJ
Recovering local (/durable/mgr/IRIS.WIJ) image journal file...
Starting WIJ recovery for '/durable/mgr/IRIS.WIJ'.
  0 blocks pending in this WIJ.
Exiting with status 3 (Success)
12/01/21-19:04:52:533 (828) 0 [Generic.Event] Global buffer setting requires attention.  Auto-selected 25% of total memory.
12/01/21-19:04:52:635 (828) 0 [Generic.Event] Allocated 14793MB shared memory: 12829MB global buffers, 1020MB routine buffers
12/01/21-19:04:52:637 (828) 0 [Crypto.IntelSandyBridgeAESNI] Intel Sandy Bridge AES-NI instructions detected.
12/01/21-19:04:52:968 (828) 0 [WriteDaemon.UsingWIJFile] Using WIJ file: /durable/mgr/IRIS.WIJ
12/01/21-19:04:52:970 (828) 0 [Generic.Event] No journaling info from prior system
12/01/21-19:04:52:977 (828) 0 [WriteDaemon.CreatingNewWIJ] Creating a new WIJ file
12/01/21-19:04:54:695 (828) 0 [WriteDaemon.CreatedNewWIJ] New WIJ file created
12/01/21-19:04:54:706 (829) 0 [WriteDaemon.Started] Write daemon started.
12/01/21-19:04:54:702 (828) 0 [Generic.Event] 
Startup of InterSystems IRIS [IRIS for UNIX (Ubuntu Server LTS for x86-64 Containers) 2021.1 (Build 215.3U) Wed Oct 27 2021 17:38:26 EDT]
	in /usr/irissys/bin/
	with mgr: /durable/mgr
	with wij: /durable/mgr/IRIS.WIJ
	from: /durable/mgr/
  OS=[Linux], version=[#1 SMP Wed Aug 25 23:20:18 UTC 2021], release=[5.10.60.1-microsoft-standard-WSL2], machine=[x86_64]
  nodename=[37c39f2fa154].
  numasyncwijbuf: 8, wdwrite_asyncio_max: 64, wijdirectio: on, synctype: 3
  System Initialized.
12/01/21-19:04:54:720 (840) 0 [Database.MountedRW] Mounted database /durable/mgr/ (SFN 0) read-write.
12/01/21-19:04:54:730 (840) 0 [Utility.Event] Instance 'IRIS' starting on node 37c39f2fa154 by user irisuser
12/01/21-19:04:54:730 (840) 0 [Utility.Event] Using parameters from file '/durable/iris.cpf'
12/01/21-19:04:54:732 (840) 0 [Utility.Event] Loading DLLs
12/01/21-19:04:54:733 (828) 1 [Generic.Event] Cannot lock /usr/irissys/mgr/irislib/ err(13): will try accessing readonly
12/01/21-19:04:54:734 (840) 0 [Database.MountedRO] Mounted database /usr/irissys/mgr/irislib/ (SFN 1) read-only. File or filesystem allows read-only access. 
12/01/21-19:04:54:737 (840) 0 [Utility.Event] Switching to temporary %SYS Namespace
12/01/21-19:04:54:739 (840) 0 [Utility.Event] Loading Locale enuw (English, United States, Unicode) from objects
12/01/21-19:04:54:758 (840) 0 [Utility.Event] Creating missing IRISTEMP database in /durable/mgr/iristemp
12/01/21-19:04:54:781 (840) 0 [Database.MountedRW] Mounted database /durable/mgr/iristemp/ (SFN 2) read-write.
12/01/21-19:04:54:813 (840) 0 [Utility.Event] /durable/mgr/iristemp/ initialized as IRISTEMP
12/01/21-19:04:54:823 (840) 0 [Database.MountedRW] Mounted database /durable/mgr/irislocaldata/ (SFN 3) read-write.
12/01/21-19:04:54:829 (840) 0 [Utility.Event] Switching to default %SYS Namespace
12/01/21-19:04:54:833 (840) 0 [Utility.Event] Added ethernet device tunl0,sit0 to default list
12/01/21-19:04:54:856 (841) 0 [Utility.Event] Log Monitor Started
12/01/21-19:04:54:969 (842) 0 [Utility.Event] Clean Daemon Started
12/01/21-19:04:54:974 (840) 1 [Utility.Event] Configuration file /durable/iris.cpf is not the same as when last shut down
12/01/21-19:04:55:496 (840) 0 [Utility.Event] Updating configuration information from /durable/iris.cpf
12/01/21-19:04:55:548 (840) 0 [Utility.Event] Performing Journal Recovery
12/01/21-19:04:55:549 (840) 0 [Utility.Event] Graceful system shutdown, journal restore not required
12/01/21-19:04:55:550 (840) 0 [Utility.Event] Graceful system shutdown, transaction rollback not required
12/01/21-19:04:55:565 (840) 0 [Utility.Event] START: /durable/mgr/journal/20211201.001
12/01/21-19:04:55:580 (840) 0 [Generic.Event] INTERSYSTEMS IRIS JOURNALING SYSTEM MESSAGE
Journaling started to: /durable/mgr/journal/20211201.001
12/01/21-19:04:55:581 (840) 0 [Utility.Event] Journaling to /durable/mgr/journal/20211201.001 started.
12/01/21-19:04:55:582 (840) 0 [Utility.Event] Processing Startup section
12/01/21-19:04:55:597 (843) 0 [Utility.Event] Purging old application errors
12/01/21-19:04:55:598 (840) 0 [Utility.Event] Created temp directory /durable/mgr/Temp
12/01/21-19:04:55:647 (840) 0 [Utility.Event] Initializing Security system
12/01/21-19:04:55:663 (840) 0 [Utility.Event] Processing Network section
12/01/21-19:04:55:664 (840) 0 [Utility.Event] Activating Network
12/01/21-19:04:55:892 (840) 0 [Utility.Event] Processing Databases section
12/01/21-19:04:55:912 (840) 0 [Database.MountedRW] Mounted database /durable/mgr/irisaudit/ (SFN 4) read-write.
12/01/21-19:04:55:922 (840) 0 [Utility.Event] Processing Namespaces section
12/01/21-19:04:55:923 (840) 0 [Utility.Event] Loading all namespaces
12/01/21-19:04:55:934 (828) 1 [Generic.Event] Cannot lock /usr/irissys/mgr/enslib/ err(13): will try accessing readonly
12/01/21-19:04:55:935 (840) 0 [Database.MountedRO] Mounted database /usr/irissys/mgr/enslib/ (SFN 5) read-only. File or filesystem allows read-only access. 
12/01/21-19:04:55:958 (840) 0 [Utility.Event] Activating namespaces
12/01/21-19:04:55:960 (840) 0 [Utility.Event] Activating new namespace map
12/01/21-19:04:55:967 (840) 0 [Utility.Event] Namespace changes have been activated
12/01/21-19:04:55:969 (840) 0 [Utility.Event] Rebuilding Extent index for all namespaces
12/01/21-19:04:55:974 (840) 0 [Utility.Event] Rebuilding Extent index for namespace %SYS
12/01/21-19:04:57:275 (840) 0 [Utility.Event] Rebuilding Extent index for namespace USER
12/01/21-19:04:57:282 (840) 0 [Database.MountedRW] Mounted database /durable/mgr/user/ (SFN 6) read-write.
12/01/21-19:04:57:832 (840) 0 [Utility.Event] Rebuild of Extent index completed
12/01/21-19:04:57:838 (840) 0 [Utility.Event] Starting Super Server on port 1972
12/01/21-19:04:57:849 (840) 0 [Utility.Event] Network Lock Upload Phase Starting
12/01/21-19:04:57:850 (840) 0 [Utility.Event] Lock Upload Phase Complete
12/01/21-19:04:57:851 (840) 0 [Utility.Event] Processing Miscellaneous section
12/01/21-19:04:57:883 (849) 0 [Utility.Event] LMF Info:  Licensed for 5 users.
12/01/21-19:04:57:894 (850) 0 [Utility.Event] Starting Servers
12/01/21-19:04:57:894 (840) 0 [Generic.Event] init_gcr_seed:  gen_crypt_rand seeded from /dev/urandom:  64 bytes.
12/01/21-19:04:57:895 (840) 0 [Utility.Event] Processing Devices section
12/01/21-19:04:57:896 (840) 0 [Utility.Event] Processing DeviceSubTypes section
12/01/21-19:04:57:897 (840) 0 [Utility.Event] Processing MagTape section
12/01/21-19:04:57:899 (840) 0 [Utility.Event] Processing IO section
12/01/21-19:04:57:899 (840) 0 [Utility.Event] Processing SQL section
12/01/21-19:04:58:221 (850) 0 [Utility.Event] Private webserver started on 52773
12/01/21-19:04:58:222 (850) 0 [Utility.Event] Processing Shadows section (this system as shadow)
12/01/21-19:04:58:225 (850) 0 [Utility.Event] Processing Monitor section
12/01/21-19:04:58:240 (840) 0 [Generic.Event] Auditing to /durable/mgr/irisaudit/
12/01/21-19:04:58:252 (840) 0 [Utility.Event] Executing ^ZSTU routine
12/01/21-19:04:58:253 (840) 0 [Utility.Event] Executing ^%ZSTART routine
12/01/21-19:04:58:254 (840) 0 [Utility.Event] Enabling logons
12/01/21-19:04:58:257 (859) 0 [Utility.Event] Starting TASKMGR
12/01/21-19:04:58:262 (840) 0 [Utility.Event] Initializing Interoperability during system startup
12/01/21-19:04:58:275 (860) 0 [Utility.Event] [SYSTEM MONITOR] System Monitor started in %SYS
12/01/21-19:04:58:298 (850) 0 [Utility.Event] Shard license: 0
12/01/21-19:04:58:318 (839) 0 [Database.SparseDBExpansion] Expanding capacity of sparse database /durable/mgr/iristemp/ by 10 MB.
12/01/21-19:06:02:684 (1046) 0 [Utility.Event] WorkQueue: Starting work queue daemon parent=1004
12/01/21-19:10:34:184 (1154) 0 [Utility.Event] Shutting down InterSystems IRIS
12/01/21-19:10:34:512 (860) 0 [Utility.Event] [SYSTEM MONITOR] System Monitor stopped in %SYS
12/01/21-19:10:35:513 (1154) 0 [Utility.Event] Notifying Clients
12/01/21-19:10:35:514 (1154) 0 [Utility.Event] No user shutdown routines to execute
12/01/21-19:10:35:516 (1154) 0 [Utility.Event] Stopping User Jobs
12/01/21-19:10:39:031 (1154) 0 [Utility.Event] Stopping Network Servers
12/01/21-19:10:39:032 (1154) 0 [Utility.Event] Withdrawing from License Domain
12/01/21-19:10:39:032 (1154) 0 [Utility.Event] Waiting for users to stop
12/01/21-19:10:39:033 (1154) 0 [Generic.Event] Auditing stopped
12/01/21-19:10:39:034 (1154) 0 [Utility.Event] Stopping Client Networking
12/01/21-19:10:39:035 (1154) 0 [Utility.Event] Removing database locks
12/01/21-19:10:39:047 (1154) 0 [Utility.Event] Updating Journal File
12/01/21-19:10:39:248 (1154) 0 [Utility.Event] Journal restore not required at next startup
12/01/21-19:10:39:250 (1154) 0 [Utility.Event] Transaction rollback not required at next startup
12/01/21-19:10:40:453 (1154) 0 [Utility.Event] Waiting for database updates to complete
12/01/21-19:10:40:455 (1154) 0 [Utility.Event] Database updates complete
12/01/21-19:10:40:456 (1154) 0 [Utility.Event] Stopping System Jobs
12/01/21-19:10:40:558 (830) 0 [Generic.Event] GARCOL exited due to system shutdown
12/01/21-19:10:40:558 (839) 0 [Generic.Event] EXPDMN exited due to system shutdown
12/01/21-19:10:40:559 (831) 0 [Generic.Event] JRNDMN exited due to system shutdown
12/01/21-19:10:40:662 (832) 0 [Generic.Event] AUXWD #1 exited due to system shutdown
12/01/21-19:10:40:662 (833) 0 [Generic.Event] AUXWD #2 exited due to system shutdown
12/01/21-19:10:40:663 (834) 0 [Generic.Event] AUXWD #7 exited due to system shutdown
12/01/21-19:10:40:663 (838) 0 [Generic.Event] AUXWD #3 exited due to system shutdown
12/01/21-19:10:40:666 (837) 0 [Generic.Event] AUXWD #4 exited due to system shutdown
12/01/21-19:10:40:669 (835) 0 [Generic.Event] AUXWD #5 exited due to system shutdown
12/01/21-19:10:40:674 (836) 0 [Generic.Event] AUXWD #6 exited due to system shutdown
12/01/21-19:10:41:166 (829) 0 [Generic.Event] No blocks pending in WIJ file
12/01/21-19:10:41:172 (829) 0 [Generic.Event] WRTDMN exited due to system shutdown
12/01/21-19:10:41:262 (828) 0 [Generic.Event] CONTROL exited due to system shutdown
12/01/21-19:10:42:362 (1154) 0 [Utility.Event] Shutdown complete



*** Recovery started at Wed Dec  1 19:10:58 2021
     Current default directory: /durable/mgr
     Log file directory: /durable/mgr/
     WIJ file spec: /durable/mgr/IRIS.WIJ
Recovering local (/durable/mgr/IRIS.WIJ) image journal file...
Starting WIJ recovery for '/durable/mgr/IRIS.WIJ'.
  0 blocks pending in this WIJ.
Exiting with status 3 (Success)
12/01/21-19:10:58:792 (399) 1 [Utility.Event] Startup directory and clone directory are the same
12/01/21-19:10:58:793 (399) 1 [Utility.Event] ISC_DATA_DIRECTORY=/durable
12/01/21-19:10:58:794 (399) 1 [Utility.Event] Cloning command ignored



*** Recovery started at Wed Dec  1 19:10:59 2021
     Current default directory: /durable/mgr
     Log file directory: /durable/mgr/
     WIJ file spec: /durable/mgr/IRIS.WIJ
Recovering local (/durable/mgr/IRIS.WIJ) image journal file...
Starting WIJ recovery for '/durable/mgr/IRIS.WIJ'.
  0 blocks pending in this WIJ.
Exiting with status 3 (Success)
12/01/21-19:10:59:383 (767) 0 [Generic.Event] Global buffer setting requires attention.  Auto-selected 25% of total memory.
12/01/21-19:10:59:470 (767) 0 [Generic.Event] Allocated 14793MB shared memory: 12829MB global buffers, 1020MB routine buffers
12/01/21-19:10:59:473 (767) 0 [Crypto.IntelSandyBridgeAESNI] Intel Sandy Bridge AES-NI instructions detected.
12/01/21-19:10:59:839 (767) 0 [WriteDaemon.UsingWIJFile] Using WIJ file: /durable/mgr/IRIS.WIJ
12/01/21-19:10:59:841 (767) 0 [Generic.Event] Jrn info from prior WIJ (imflags: 0):
	wdpass: 0
	jrnwdpass: 21
	fspec: /durable/mgr/journal/20211201.001
	filecnt: 1
	fileoff: 0
	prevfcnt: 1
	prevfileoeff: 0
	min trans cnt: 1
	min trans index: 3209960
12/01/21-19:10:59:849 (767) 0 [Generic.Event] 
Startup of InterSystems IRIS [IRIS for UNIX (Ubuntu Server LTS for x86-64 Containers) 2021.1 (Build 215.3U) Wed Oct 27 2021 17:38:26 EDT]
	in /usr/irissys/bin/
	with mgr: /durable/mgr
	with wij: /durable/mgr/IRIS.WIJ
	from: /durable/mgr/
  OS=[Linux], version=[#1 SMP Wed Aug 25 23:20:18 UTC 2021], release=[5.10.60.1-microsoft-standard-WSL2], machine=[x86_64]
  nodename=[37c39f2fa154].
  numasyncwijbuf: 8, wdwrite_asyncio_max: 64, wijdirectio: on, synctype: 3
  System Initialized.
12/01/21-19:10:59:850 (768) 0 [WriteDaemon.Started] Write daemon started.
12/01/21-19:10:59:864 (779) 0 [Database.MountedRW] Mounted database /durable/mgr/ (SFN 0) read-write.
12/01/21-19:10:59:877 (779) 0 [Utility.Event] Instance 'IRIS' starting on node 37c39f2fa154 by user irisuser
12/01/21-19:10:59:877 (779) 0 [Utility.Event] Using parameters from file '/durable/iris.cpf'
12/01/21-19:10:59:879 (779) 0 [Utility.Event] Loading DLLs
12/01/21-19:10:59:880 (767) 1 [Generic.Event] Cannot lock /usr/irissys/mgr/irislib/ err(13): will try accessing readonly
12/01/21-19:10:59:881 (779) 0 [Database.MountedRO] Mounted database /usr/irissys/mgr/irislib/ (SFN 1) read-only. File or filesystem allows read-only access. 
12/01/21-19:10:59:884 (779) 0 [Utility.Event] Switching to temporary %SYS Namespace
12/01/21-19:10:59:886 (779) 0 [Utility.Event] Loading Locale enuw (English, United States, Unicode) from objects
12/01/21-19:10:59:936 (779) 0 [Database.MountedRW] Mounted database /durable/mgr/iristemp/ (SFN 2) read-write.
12/01/21-19:10:59:951 (779) 0 [Utility.Event] /durable/mgr/iristemp/ initialized as IRISTEMP
12/01/21-19:10:59:961 (779) 0 [Database.MountedRW] Mounted database /durable/mgr/irislocaldata/ (SFN 3) read-write.
12/01/21-19:10:59:967 (779) 0 [Utility.Event] Switching to default %SYS Namespace
12/01/21-19:10:59:971 (779) 0 [Utility.Event] Added ethernet device tunl0,sit0 to default list
12/01/21-19:11:00:025 (779) 0 [Generic.Event] init_gcr_seed:  gen_crypt_rand seeded from /dev/urandom:  64 bytes.
12/01/21-19:11:00:108 (780) 0 [Utility.Event] Log Monitor Started
12/01/21-19:11:00:222 (781) 0 [Utility.Event] Clean Daemon Started
12/01/21-19:11:00:247 (779) 0 [Utility.Event] Performing Journal Recovery
12/01/21-19:11:00:267 (779) 0 [Utility.Event] WIJ indicates no open transactions
12/01/21-19:11:00:289 (779) 0 [Utility.Event] START: /durable/mgr/journal/20211201.002
12/01/21-19:11:00:292 (779) 1 [Generic.Event] Warning: Alternate and primary journal directories are the same
12/01/21-19:11:00:306 (779) 0 [Generic.Event] INTERSYSTEMS IRIS JOURNALING SYSTEM MESSAGE
Journaling started to: /durable/mgr/journal/20211201.002
12/01/21-19:11:00:307 (779) 0 [Utility.Event] Journaling to /durable/mgr/journal/20211201.002 started.
12/01/21-19:11:00:308 (779) 0 [Utility.Event] Processing Startup section
12/01/21-19:11:00:323 (782) 0 [Utility.Event] Purging old application errors
12/01/21-19:11:00:391 (779) 0 [Utility.Event] Initializing Security system
12/01/21-19:11:00:437 (779) 0 [Utility.Event] Processing Network section
12/01/21-19:11:00:439 (779) 0 [Utility.Event] Activating Network
12/01/21-19:11:00:666 (779) 0 [Utility.Event] Processing Databases section
12/01/21-19:11:00:687 (779) 0 [Database.MountedRW] Mounted database /durable/mgr/irisaudit/ (SFN 4) read-write.
12/01/21-19:11:00:697 (779) 0 [Utility.Event] Processing Namespaces section
12/01/21-19:11:00:698 (779) 0 [Utility.Event] Namespaces are up to date
12/01/21-19:11:00:699 (779) 0 [Utility.Event] Activating namespaces
12/01/21-19:11:00:702 (779) 0 [Utility.Event] Activating new namespace map
12/01/21-19:11:00:710 (779) 0 [Utility.Event] Namespace changes have been activated
12/01/21-19:11:00:717 (779) 0 [Utility.Event] Starting Super Server on port 1972
12/01/21-19:11:00:731 (779) 0 [Utility.Event] Network Lock Upload Phase Starting
12/01/21-19:11:00:732 (779) 0 [Utility.Event] Lock Upload Phase Complete
12/01/21-19:11:00:733 (779) 0 [Utility.Event] Processing Miscellaneous section
12/01/21-19:11:00:767 (787) 0 [Utility.Event] LMF Info:  Licensed for 5 users.
12/01/21-19:11:00:776 (788) 0 [Utility.Event] Starting Servers
12/01/21-19:11:00:776 (779) 0 [Utility.Event] Processing Devices section
12/01/21-19:11:00:778 (779) 0 [Utility.Event] Processing DeviceSubTypes section
12/01/21-19:11:00:780 (779) 0 [Utility.Event] Processing MagTape section
12/01/21-19:11:00:785 (779) 0 [Utility.Event] Processing IO section
12/01/21-19:11:00:788 (779) 0 [Utility.Event] Processing SQL section
12/01/21-19:11:01:006 (779) 0 [Generic.Event] Auditing to /durable/mgr/irisaudit/
12/01/21-19:11:01:018 (779) 0 [Utility.Event] Executing ^ZSTU routine
12/01/21-19:11:01:019 (779) 0 [Utility.Event] Executing ^%ZSTART routine
12/01/21-19:11:01:020 (779) 0 [Utility.Event] Enabling logons
12/01/21-19:11:01:036 (779) 0 [Database.MountedRW] Mounted database /durable/mgr/user/ (SFN 5) read-write.
12/01/21-19:11:01:039 (767) 1 [Generic.Event] Cannot lock /usr/irissys/mgr/enslib/ err(13): will try accessing readonly
12/01/21-19:11:01:040 (779) 0 [Database.MountedRO] Mounted database /usr/irissys/mgr/enslib/ (SFN 6) read-only. File or filesystem allows read-only access. 
12/01/21-19:11:01:044 (779) 0 [Utility.Event] Initializing Interoperability during system startup
12/01/21-19:11:01:114 (788) 0 [Utility.Event] Private webserver started on 52773
12/01/21-19:11:01:115 (788) 0 [Utility.Event] Processing Shadows section (this system as shadow)
12/01/21-19:11:01:120 (788) 0 [Utility.Event] Processing Monitor section
12/01/21-19:11:01:144 (798) 0 [Utility.Event] Starting TASKMGR
12/01/21-19:11:01:159 (799) 0 [Utility.Event] [SYSTEM MONITOR] System Monitor started in %SYS
12/01/21-19:11:01:174 (788) 0 [Utility.Event] Shard license: 0
12/01/21-19:12:10:923 (973) 0 [Utility.Event] WorkQueue: Starting work queue daemon parent=972
